[ INFO ] 2024-04-21 13:21:58,238: dir_parser -> find OS object - OsObject(object_name='dir_parser', extension='py', parent_dir='hw')
[ INFO ] 2024-04-21 13:21:58,238: dir_parser -> find OS object - OsObject(object_name='', extension='gitignore', parent_dir='hw')
[ INFO ] 2024-04-21 13:21:58,238: dir_parser -> find OS object - OsObject(object_name='main', extension='py', parent_dir='hw')
[ INFO ] 2024-04-21 13:21:58,238: dir_parser -> find OS object - OsObject(object_name='log', extension='log', parent_dir='hw')
[ INFO ] 2024-04-21 13:21:58,238: dir_parser -> find OS object - OsObject(object_name='parse_args', extension='py', parent_dir='hw')
[ INFO ] 2024-04-21 13:21:58,238: dir_parser -> find OS object - OsObject(object_name='.git', extension='dir', parent_dir='hw')
[ INFO ] 2024-04-21 13:21:58,238: dir_parser -> find OS object - OsObject(object_name='__pycache__', extension='dir', parent_dir='hw')
[ INFO ] 2024-04-21 13:21:58,238: dir_parser -> find OS object - OsObject(object_name='ORIG_HEAD', extension=None, parent_dir='.git')
[ INFO ] 2024-04-21 13:21:58,239: dir_parser -> find OS object - OsObject(object_name='FETCH_HEAD', extension=None, parent_dir='.git')
[ INFO ] 2024-04-21 13:21:58,239: dir_parser -> find OS object - OsObject(object_name='index', extension=None, parent_dir='.git')
[ INFO ] 2024-04-21 13:21:58,239: dir_parser -> find OS object - OsObject(object_name='HEAD', extension=None, parent_dir='.git')
[ INFO ] 2024-04-21 13:21:58,239: dir_parser -> find OS object - OsObject(object_name='description', extension=None, parent_dir='.git')
[ INFO ] 2024-04-21 13:21:58,239: dir_parser -> find OS object - OsObject(object_name='COMMIT_EDITMSG', extension=None, parent_dir='.git')
[ INFO ] 2024-04-21 13:21:58,239: dir_parser -> find OS object - OsObject(object_name='config', extension=None, parent_dir='.git')
[ INFO ] 2024-04-21 13:21:58,239: dir_parser -> find OS object - OsObject(object_name='branches', extension='dir', parent_dir='.git')
[ INFO ] 2024-04-21 13:21:58,239: dir_parser -> find OS object - OsObject(object_name='objects', extension='dir', parent_dir='.git')
[ INFO ] 2024-04-21 13:21:58,239: dir_parser -> find OS object - OsObject(object_name='info', extension='dir', parent_dir='.git')
[ INFO ] 2024-04-21 13:21:58,239: dir_parser -> find OS object - OsObject(object_name='hooks', extension='dir', parent_dir='.git')
[ INFO ] 2024-04-21 13:21:58,239: dir_parser -> find OS object - OsObject(object_name='logs', extension='dir', parent_dir='.git')
[ INFO ] 2024-04-21 13:21:58,239: dir_parser -> find OS object - OsObject(object_name='refs', extension='dir', parent_dir='.git')
[ INFO ] 2024-04-21 13:21:58,239: dir_parser -> find OS object - OsObject(object_name='80', extension='dir', parent_dir='objects')
[ INFO ] 2024-04-21 13:21:58,239: dir_parser -> find OS object - OsObject(object_name='3f', extension='dir', parent_dir='objects')
[ INFO ] 2024-04-21 13:21:58,239: dir_parser -> find OS object - OsObject(object_name='0e', extension='dir', parent_dir='objects')
[ INFO ] 2024-04-21 13:21:58,239: dir_parser -> find OS object - OsObject(object_name='b1', extension='dir', parent_dir='objects')
[ INFO ] 2024-04-21 13:21:58,239: dir_parser -> find OS object - OsObject(object_name='7f', extension='dir', parent_dir='objects')
[ INFO ] 2024-04-21 13:21:58,239: dir_parser -> find OS object - OsObject(object_name='8f', extension='dir', parent_dir='objects')
[ INFO ] 2024-04-21 13:21:58,239: dir_parser -> find OS object - OsObject(object_name='d3', extension='dir', parent_dir='objects')
[ INFO ] 2024-04-21 13:21:58,239: dir_parser -> find OS object - OsObject(object_name='43', extension='dir', parent_dir='objects')
[ INFO ] 2024-04-21 13:21:58,239: dir_parser -> find OS object - OsObject(object_name='21', extension='dir', parent_dir='objects')
[ INFO ] 2024-04-21 13:21:58,239: dir_parser -> find OS object - OsObject(object_name='41', extension='dir', parent_dir='objects')
[ INFO ] 2024-04-21 13:21:58,239: dir_parser -> find OS object - OsObject(object_name='6e', extension='dir', parent_dir='objects')
[ INFO ] 2024-04-21 13:21:58,239: dir_parser -> find OS object - OsObject(object_name='eb', extension='dir', parent_dir='objects')
[ INFO ] 2024-04-21 13:21:58,239: dir_parser -> find OS object - OsObject(object_name='10', extension='dir', parent_dir='objects')
[ INFO ] 2024-04-21 13:21:58,240: dir_parser -> find OS object - OsObject(object_name='3d', extension='dir', parent_dir='objects')
[ INFO ] 2024-04-21 13:21:58,240: dir_parser -> find OS object - OsObject(object_name='e3', extension='dir', parent_dir='objects')
[ INFO ] 2024-04-21 13:21:58,240: dir_parser -> find OS object - OsObject(object_name='9b', extension='dir', parent_dir='objects')
[ INFO ] 2024-04-21 13:21:58,240: dir_parser -> find OS object - OsObject(object_name='c3', extension='dir', parent_dir='objects')
[ INFO ] 2024-04-21 13:21:58,240: dir_parser -> find OS object - OsObject(object_name='f1', extension='dir', parent_dir='objects')
[ INFO ] 2024-04-21 13:21:58,240: dir_parser -> find OS object - OsObject(object_name='info', extension='dir', parent_dir='objects')
[ INFO ] 2024-04-21 13:21:58,240: dir_parser -> find OS object - OsObject(object_name='78', extension='dir', parent_dir='objects')
[ INFO ] 2024-04-21 13:21:58,240: dir_parser -> find OS object - OsObject(object_name='b4', extension='dir', parent_dir='objects')
[ INFO ] 2024-04-21 13:21:58,240: dir_parser -> find OS object - OsObject(object_name='76', extension='dir', parent_dir='objects')
[ INFO ] 2024-04-21 13:21:58,240: dir_parser -> find OS object - OsObject(object_name='fd', extension='dir', parent_dir='objects')
[ INFO ] 2024-04-21 13:21:58,240: dir_parser -> find OS object - OsObject(object_name='5d', extension='dir', parent_dir='objects')
[ INFO ] 2024-04-21 13:21:58,240: dir_parser -> find OS object - OsObject(object_name='9a', extension='dir', parent_dir='objects')
[ INFO ] 2024-04-21 13:21:58,240: dir_parser -> find OS object - OsObject(object_name='be', extension='dir', parent_dir='objects')
[ INFO ] 2024-04-21 13:21:58,240: dir_parser -> find OS object - OsObject(object_name='0c', extension='dir', parent_dir='objects')
[ INFO ] 2024-04-21 13:21:58,240: dir_parser -> find OS object - OsObject(object_name='c5', extension='dir', parent_dir='objects')
[ INFO ] 2024-04-21 13:21:58,240: dir_parser -> find OS object - OsObject(object_name='6c', extension='dir', parent_dir='objects')
[ INFO ] 2024-04-21 13:21:58,240: dir_parser -> find OS object - OsObject(object_name='11', extension='dir', parent_dir='objects')
[ INFO ] 2024-04-21 13:21:58,240: dir_parser -> find OS object - OsObject(object_name='9e', extension='dir', parent_dir='objects')
[ INFO ] 2024-04-21 13:21:58,240: dir_parser -> find OS object - OsObject(object_name='94', extension='dir', parent_dir='objects')
[ INFO ] 2024-04-21 13:21:58,240: dir_parser -> find OS object - OsObject(object_name='f8', extension='dir', parent_dir='objects')
[ INFO ] 2024-04-21 13:21:58,240: dir_parser -> find OS object - OsObject(object_name='91', extension='dir', parent_dir='objects')
[ INFO ] 2024-04-21 13:21:58,240: dir_parser -> find OS object - OsObject(object_name='d9', extension='dir', parent_dir='objects')
[ INFO ] 2024-04-21 13:21:58,240: dir_parser -> find OS object - OsObject(object_name='b6', extension='dir', parent_dir='objects')
[ INFO ] 2024-04-21 13:21:58,240: dir_parser -> find OS object - OsObject(object_name='c6', extension='dir', parent_dir='objects')
[ INFO ] 2024-04-21 13:21:58,240: dir_parser -> find OS object - OsObject(object_name='5b', extension='dir', parent_dir='objects')
[ INFO ] 2024-04-21 13:21:58,240: dir_parser -> find OS object - OsObject(object_name='f3', extension='dir', parent_dir='objects')
[ INFO ] 2024-04-21 13:21:58,240: dir_parser -> find OS object - OsObject(object_name='de', extension='dir', parent_dir='objects')
[ INFO ] 2024-04-21 13:21:58,241: dir_parser -> find OS object - OsObject(object_name='pack', extension='dir', parent_dir='objects')
[ INFO ] 2024-04-21 13:21:58,241: dir_parser -> find OS object - OsObject(object_name='20', extension='dir', parent_dir='objects')
[ INFO ] 2024-04-21 13:21:58,241: dir_parser -> find OS object - OsObject(object_name='e6', extension='dir', parent_dir='objects')
[ INFO ] 2024-04-21 13:21:58,241: dir_parser -> find OS object - OsObject(object_name='d7', extension='dir', parent_dir='objects')
[ INFO ] 2024-04-21 13:21:58,241: dir_parser -> find OS object - OsObject(object_name='36', extension='dir', parent_dir='objects')
[ INFO ] 2024-04-21 13:21:58,241: dir_parser -> find OS object - OsObject(object_name='4c', extension='dir', parent_dir='objects')
[ INFO ] 2024-04-21 13:21:58,241: dir_parser -> find OS object - OsObject(object_name='37242110400cfab6be65a918df724facaecb9e', extension=None, parent_dir='80')
[ INFO ] 2024-04-21 13:21:58,241: dir_parser -> find OS object - OsObject(object_name='ac16f739214dbdf5b45da5be249b803441dd0f', extension=None, parent_dir='3f')
[ INFO ] 2024-04-21 13:21:58,241: dir_parser -> find OS object - OsObject(object_name='1bfd095d9bbb809d0586fd5fa4bc8ea902a6df', extension=None, parent_dir='0e')
[ INFO ] 2024-04-21 13:21:58,241: dir_parser -> find OS object - OsObject(object_name='e9faf6004b58f2fd05398e03b0150810e2c00e', extension=None, parent_dir='b1')
[ INFO ] 2024-04-21 13:21:58,241: dir_parser -> find OS object - OsObject(object_name='c0094118817db92f05a5df79b2d0e9507f72de', extension=None, parent_dir='b1')
[ INFO ] 2024-04-21 13:21:58,241: dir_parser -> find OS object - OsObject(object_name='141cc69f0e5fd8bc0767ed6a9abb417da78176', extension=None, parent_dir='7f')
[ INFO ] 2024-04-21 13:21:58,241: dir_parser -> find OS object - OsObject(object_name='5df2a7fb04bacffb5dd606df240943f3ace09b', extension=None, parent_dir='8f')
[ INFO ] 2024-04-21 13:21:58,241: dir_parser -> find OS object - OsObject(object_name='a98a09e1094a0f9facfdbd4981ac89e5aa466d', extension=None, parent_dir='d3')
[ INFO ] 2024-04-21 13:21:58,241: dir_parser -> find OS object - OsObject(object_name='eac46fcbb1001f7a94d469efe71d91e3149e68', extension=None, parent_dir='43')
[ INFO ] 2024-04-21 13:21:58,241: dir_parser -> find OS object - OsObject(object_name='b405d8c2dac873e9063b1dff87e46c3876aa58', extension=None, parent_dir='21')
[ INFO ] 2024-04-21 13:21:58,242: dir_parser -> find OS object - OsObject(object_name='262e1f260255dfd359d1db01e32e0d655b64e7', extension=None, parent_dir='41')
[ INFO ] 2024-04-21 13:21:58,242: dir_parser -> find OS object - OsObject(object_name='c50f2dc6d9c7312265088421ace6a952a23c9a', extension=None, parent_dir='6e')
[ INFO ] 2024-04-21 13:21:58,242: dir_parser -> find OS object - OsObject(object_name='18a07c72d9ff611b3682acc39a702b90087b97', extension=None, parent_dir='eb')
[ INFO ] 2024-04-21 13:21:58,242: dir_parser -> find OS object - OsObject(object_name='d1355e8fd6a1adccf5e2d6e6dd0cf43b0a1ed2', extension=None, parent_dir='10')
[ INFO ] 2024-04-21 13:21:58,242: dir_parser -> find OS object - OsObject(object_name='03ef93ce23af9fa6815540300e9c691a41a28a', extension=None, parent_dir='3d')
[ INFO ] 2024-04-21 13:21:58,242: dir_parser -> find OS object - OsObject(object_name='05ca996893261722696ae92253be0d204762af', extension=None, parent_dir='e3')
[ INFO ] 2024-04-21 13:21:58,242: dir_parser -> find OS object - OsObject(object_name='36d34d42e6d6f1bb76bce2531c76be644ecb83', extension=None, parent_dir='9b')
[ INFO ] 2024-04-21 13:21:58,242: dir_parser -> find OS object - OsObject(object_name='be7e6269a8333a7dac408e15874cabac4b0c98', extension=None, parent_dir='c3')
[ INFO ] 2024-04-21 13:21:58,242: dir_parser -> find OS object - OsObject(object_name='898bcff47520ef13986055ca2c4a1eacf1f213', extension=None, parent_dir='f1')
[ INFO ] 2024-04-21 13:21:58,242: dir_parser -> find OS object - OsObject(object_name='3585c7bb338daf207f66ecaecc37bfad192b4b', extension=None, parent_dir='78')
[ INFO ] 2024-04-21 13:21:58,242: dir_parser -> find OS object - OsObject(object_name='376c1e7d54022ec88a5eaeef7b859c3053ec82', extension=None, parent_dir='78')
[ INFO ] 2024-04-21 13:21:58,242: dir_parser -> find OS object - OsObject(object_name='8e5a074eef4bdfba6dbfd4f02605af7cda76fe', extension=None, parent_dir='b4')
[ INFO ] 2024-04-21 13:21:58,242: dir_parser -> find OS object - OsObject(object_name='83caea6db6e3b5ff8355571ae054fbb9feb0e6', extension=None, parent_dir='76')
[ INFO ] 2024-04-21 13:21:58,242: dir_parser -> find OS object - OsObject(object_name='820b307c750303eb80fa77d8d40e5707950515', extension=None, parent_dir='fd')
[ INFO ] 2024-04-21 13:21:58,243: dir_parser -> find OS object - OsObject(object_name='175414f0a18bc07dce52bb17ae1f89a460bb70', extension=None, parent_dir='fd')
[ INFO ] 2024-04-21 13:21:58,243: dir_parser -> find OS object - OsObject(object_name='2179f312c4ae75ddceaed373b36081d4b680a9', extension=None, parent_dir='5d')
[ INFO ] 2024-04-21 13:21:58,243: dir_parser -> find OS object - OsObject(object_name='78d833cb829673f0a95479fbfbaa6f06e2b4aa', extension=None, parent_dir='9a')
[ INFO ] 2024-04-21 13:21:58,243: dir_parser -> find OS object - OsObject(object_name='e8a64b79a99590d5303307144172cfe824fbf7', extension=None, parent_dir='be')
[ INFO ] 2024-04-21 13:21:58,243: dir_parser -> find OS object - OsObject(object_name='f7eb093fb4c1ed374f3cd87127b1b5ed187bf8', extension=None, parent_dir='0c')
[ INFO ] 2024-04-21 13:21:58,243: dir_parser -> find OS object - OsObject(object_name='72730573f3027dfbf09e5a39256fdb5f291ed2', extension=None, parent_dir='c5')
[ INFO ] 2024-04-21 13:21:58,243: dir_parser -> find OS object - OsObject(object_name='7a0a62f6ac96b308ad6fa82fa1cf7927ac4526', extension=None, parent_dir='c5')
[ INFO ] 2024-04-21 13:21:58,243: dir_parser -> find OS object - OsObject(object_name='9c9c8f37983b556f78b07067df47c41e1c8817', extension=None, parent_dir='6c')
[ INFO ] 2024-04-21 13:21:58,243: dir_parser -> find OS object - OsObject(object_name='5abb9ba020b8fdd5a3ed26970038e84f647a93', extension=None, parent_dir='11')
[ INFO ] 2024-04-21 13:21:58,243: dir_parser -> find OS object - OsObject(object_name='f8b16314cac5c6f6ddf2ed4f0aa61ce019e781', extension=None, parent_dir='9e')
[ INFO ] 2024-04-21 13:21:58,243: dir_parser -> find OS object - OsObject(object_name='d9a02a4d76e01352f19fc5f8cd136c2832435f', extension=None, parent_dir='94')
[ INFO ] 2024-04-21 13:21:58,243: dir_parser -> find OS object - OsObject(object_name='d9ae995e7cc6ad196a5cd814abdf7a45816907', extension=None, parent_dir='f8')
[ INFO ] 2024-04-21 13:21:58,243: dir_parser -> find OS object - OsObject(object_name='ad05a54a3a3aef103dcaf9315ebd4562f21412', extension=None, parent_dir='91')
[ INFO ] 2024-04-21 13:21:58,243: dir_parser -> find OS object - OsObject(object_name='31a1855cedbe94d35adf18dd1f16afce4af3ff', extension=None, parent_dir='d9')
[ INFO ] 2024-04-21 13:21:58,243: dir_parser -> find OS object - OsObject(object_name='2c5f23deb700f1362fdd37f7a76b3bd760f2bb', extension=None, parent_dir='b6')
[ INFO ] 2024-04-21 13:21:58,243: dir_parser -> find OS object - OsObject(object_name='8eb39d96453e8a9b1b95043b2adeb30fc9bb26', extension=None, parent_dir='c6')
[ INFO ] 2024-04-21 13:21:58,244: dir_parser -> find OS object - OsObject(object_name='de81a0a631f457579635db2a36234d682e77cd', extension=None, parent_dir='5b')
[ INFO ] 2024-04-21 13:21:58,244: dir_parser -> find OS object - OsObject(object_name='894e164ed1b17a6a609997ead6d25189503b03', extension=None, parent_dir='f3')
[ INFO ] 2024-04-21 13:21:58,244: dir_parser -> find OS object - OsObject(object_name='d36108786ff847e8ffe44ef86c1ea505e23a7a', extension=None, parent_dir='de')
[ INFO ] 2024-04-21 13:21:58,244: dir_parser -> find OS object - OsObject(object_name='ffcf25452fdddd37e10fb447748097111ad48f', extension=None, parent_dir='20')
[ INFO ] 2024-04-21 13:21:58,244: dir_parser -> find OS object - OsObject(object_name='9de29bb2d1d6434b8b29ae775ad8c2e48c5391', extension=None, parent_dir='e6')
[ INFO ] 2024-04-21 13:21:58,244: dir_parser -> find OS object - OsObject(object_name='f47d22b6159270ead11ac5e0191556cf4abb81', extension=None, parent_dir='d7')
[ INFO ] 2024-04-21 13:21:58,244: dir_parser -> find OS object - OsObject(object_name='045f6a13bc5c7f184a50f3f108963d91f88d3f', extension=None, parent_dir='36')
[ INFO ] 2024-04-21 13:21:58,244: dir_parser -> find OS object - OsObject(object_name='6f9b45ff96642d852099e4731ad71461dbb94c', extension=None, parent_dir='4c')
[ INFO ] 2024-04-21 13:21:58,244: dir_parser -> find OS object - OsObject(object_name='exclude', extension=None, parent_dir='info')
[ INFO ] 2024-04-21 13:21:58,244: dir_parser -> find OS object - OsObject(object_name='pre-applypatch', extension='sample', parent_dir='hooks')
[ INFO ] 2024-04-21 13:21:58,244: dir_parser -> find OS object - OsObject(object_name='pre-merge-commit', extension='sample', parent_dir='hooks')
[ INFO ] 2024-04-21 13:21:58,244: dir_parser -> find OS object - OsObject(object_name='update', extension='sample', parent_dir='hooks')
[ INFO ] 2024-04-21 13:21:58,244: dir_parser -> find OS object - OsObject(object_name='push-to-checkout', extension='sample', parent_dir='hooks')
[ INFO ] 2024-04-21 13:21:58,244: dir_parser -> find OS object - OsObject(object_name='applypatch-msg', extension='sample', parent_dir='hooks')
[ INFO ] 2024-04-21 13:21:58,244: dir_parser -> find OS object - OsObject(object_name='fsmonitor-watchman', extension='sample', parent_dir='hooks')
[ INFO ] 2024-04-21 13:21:58,244: dir_parser -> find OS object - OsObject(object_name='prepare-commit-msg', extension='sample', parent_dir='hooks')
[ INFO ] 2024-04-21 13:21:58,245: dir_parser -> find OS object - OsObject(object_name='pre-rebase', extension='sample', parent_dir='hooks')
[ INFO ] 2024-04-21 13:21:58,245: dir_parser -> find OS object - OsObject(object_name='pre-commit', extension='sample', parent_dir='hooks')
[ INFO ] 2024-04-21 13:21:58,245: dir_parser -> find OS object - OsObject(object_name='post-update', extension='sample', parent_dir='hooks')
[ INFO ] 2024-04-21 13:21:58,245: dir_parser -> find OS object - OsObject(object_name='sendemail-validate', extension='sample', parent_dir='hooks')
[ INFO ] 2024-04-21 13:21:58,245: dir_parser -> find OS object - OsObject(object_name='commit-msg', extension='sample', parent_dir='hooks')
[ INFO ] 2024-04-21 13:21:58,245: dir_parser -> find OS object - OsObject(object_name='pre-receive', extension='sample', parent_dir='hooks')
[ INFO ] 2024-04-21 13:21:58,245: dir_parser -> find OS object - OsObject(object_name='pre-push', extension='sample', parent_dir='hooks')
[ INFO ] 2024-04-21 13:21:58,245: dir_parser -> find OS object - OsObject(object_name='HEAD', extension=None, parent_dir='logs')
[ INFO ] 2024-04-21 13:21:58,245: dir_parser -> find OS object - OsObject(object_name='refs', extension='dir', parent_dir='logs')
[ INFO ] 2024-04-21 13:21:58,245: dir_parser -> find OS object - OsObject(object_name='heads', extension='dir', parent_dir='refs')
[ INFO ] 2024-04-21 13:21:58,245: dir_parser -> find OS object - OsObject(object_name='remotes', extension='dir', parent_dir='refs')
[ INFO ] 2024-04-21 13:21:58,245: dir_parser -> find OS object - OsObject(object_name='develop', extension=None, parent_dir='heads')
[ INFO ] 2024-04-21 13:21:58,245: dir_parser -> find OS object - OsObject(object_name='main', extension=None, parent_dir='heads')
[ INFO ] 2024-04-21 13:21:58,245: dir_parser -> find OS object - OsObject(object_name='origin', extension='dir', parent_dir='remotes')
[ INFO ] 2024-04-21 13:21:58,245: dir_parser -> find OS object - OsObject(object_name='develop', extension=None, parent_dir='origin')
[ INFO ] 2024-04-21 13:21:58,245: dir_parser -> find OS object - OsObject(object_name='main', extension=None, parent_dir='origin')
[ INFO ] 2024-04-21 13:21:58,245: dir_parser -> find OS object - OsObject(object_name='heads', extension='dir', parent_dir='refs')
[ INFO ] 2024-04-21 13:21:58,245: dir_parser -> find OS object - OsObject(object_name='tags', extension='dir', parent_dir='refs')
[ INFO ] 2024-04-21 13:21:58,245: dir_parser -> find OS object - OsObject(object_name='remotes', extension='dir', parent_dir='refs')
[ INFO ] 2024-04-21 13:21:58,245: dir_parser -> find OS object - OsObject(object_name='develop', extension=None, parent_dir='heads')
[ INFO ] 2024-04-21 13:21:58,245: dir_parser -> find OS object - OsObject(object_name='main', extension=None, parent_dir='heads')
[ INFO ] 2024-04-21 13:21:58,246: dir_parser -> find OS object - OsObject(object_name='origin', extension='dir', parent_dir='remotes')
[ INFO ] 2024-04-21 13:21:58,246: dir_parser -> find OS object - OsObject(object_name='develop', extension=None, parent_dir='origin')
[ INFO ] 2024-04-21 13:21:58,246: dir_parser -> find OS object - OsObject(object_name='main', extension=None, parent_dir='origin')
[ INFO ] 2024-04-21 13:21:58,246: dir_parser -> find OS object - OsObject(object_name='parse_args.cpython-311', extension='pyc', parent_dir='__pycache__')
[ INFO ] 2024-04-21 13:21:58,246: dir_parser -> find OS object - OsObject(object_name='dir_parser.cpython-311', extension='pyc', parent_dir='__pycache__')
